<?xml version="1.0" encoding="UTF-8"?>
<testng-results skipped="0" failed="1" ignored="0" total="2" passed="1">
  <reporter-output>
  </reporter-output>
  <suite name="Default suite" duration-ms="64428" started-at="2018-08-28T07:21:38Z" finished-at="2018-08-28T07:22:43Z">
    <groups>
    </groups>
    <test name="Default test" duration-ms="64428" started-at="2018-08-28T07:21:38Z" finished-at="2018-08-28T07:22:43Z">
      <class name="branch.BranchIO.BranchIOTest">
        <test-method status="PASS" signature="initializeDriver()[pri:0, instance:branch.BranchIO.BranchIOTest@5f3a4b84]" name="initializeDriver" is-config="true" duration-ms="9060" started-at="2018-08-28T07:21:38Z" finished-at="2018-08-28T07:21:47Z">
          <reporter-output>
          </reporter-output>
        </test-method> <!-- initializeDriver -->
        <test-method status="FAIL" signature="totalEmployeeCountList_TC5()[pri:1, instance:branch.BranchIO.BranchIOTest@5f3a4b84]" name="totalEmployeeCountList_TC5" duration-ms="21629" started-at="2018-08-28T07:21:47Z" finished-at="2018-08-28T07:22:09Z">
          <exception class="java.lang.AssertionError">
            <message>
              <![CDATA[Total Number Of Employees in All Tab is Not Matching with sun of count in all other tabs]]>
            </message>
            <full-stacktrace>
              <![CDATA[java.lang.AssertionError: Total Number Of Employees in All Tab is Not Matching with sun of count in all other tabs
at org.hamcrest.MatcherAssert.assertThat(MatcherAssert.java:24)
at branch.BranchIO.BranchIOTest.totalEmployeeCountList_TC5(BranchIOTest.java:45)
at sun.reflect.NativeMethodAccessorImpl.invoke0(Native Method)
at sun.reflect.NativeMethodAccessorImpl.invoke(Unknown Source)
at sun.reflect.DelegatingMethodAccessorImpl.invoke(Unknown Source)
at java.lang.reflect.Method.invoke(Unknown Source)
at org.testng.internal.MethodInvocationHelper.invokeMethod(MethodInvocationHelper.java:124)
at org.testng.internal.Invoker.invokeMethod(Invoker.java:580)
at org.testng.internal.Invoker.invokeTestMethod(Invoker.java:716)
at org.testng.internal.Invoker.invokeTestMethods(Invoker.java:988)
at org.testng.internal.TestMethodWorker.invokeTestMethods(TestMethodWorker.java:125)
at org.testng.internal.TestMethodWorker.run(TestMethodWorker.java:109)
at org.testng.TestRunner.privateRun(TestRunner.java:648)
at org.testng.TestRunner.run(TestRunner.java:505)
at org.testng.SuiteRunner.runTest(SuiteRunner.java:455)
at org.testng.SuiteRunner.runSequentially(SuiteRunner.java:450)
at org.testng.SuiteRunner.privateRun(SuiteRunner.java:415)
at org.testng.SuiteRunner.run(SuiteRunner.java:364)
at org.testng.SuiteRunnerWorker.runSuite(SuiteRunnerWorker.java:52)
at org.testng.SuiteRunnerWorker.run(SuiteRunnerWorker.java:84)
at org.testng.TestNG.runSuitesSequentially(TestNG.java:1208)
at org.testng.TestNG.runSuitesLocally(TestNG.java:1137)
at org.testng.TestNG.runSuites(TestNG.java:1049)
at org.testng.TestNG.run(TestNG.java:1017)
at org.testng.remote.AbstractRemoteTestNG.run(AbstractRemoteTestNG.java:114)
at org.testng.remote.RemoteTestNG.initAndRun(RemoteTestNG.java:251)
at org.testng.remote.RemoteTestNG.main(RemoteTestNG.java:77)
]]>
            </full-stacktrace>
          </exception> <!-- java.lang.AssertionError -->
          <reporter-output>
          </reporter-output>
        </test-method> <!-- totalEmployeeCountList_TC5 -->
        <test-method status="PASS" signature="tearDown()[pri:0, instance:branch.BranchIO.BranchIOTest@5f3a4b84]" name="tearDown" is-config="true" duration-ms="93" started-at="2018-08-28T07:22:09Z" finished-at="2018-08-28T07:22:09Z">
          <reporter-output>
          </reporter-output>
        </test-method> <!-- tearDown -->
        <test-method status="PASS" signature="initializeDriver()[pri:0, instance:branch.BranchIO.BranchIOTest@5f3a4b84]" name="initializeDriver" is-config="true" duration-ms="7910" started-at="2018-08-28T07:22:09Z" finished-at="2018-08-28T07:22:17Z">
          <reporter-output>
          </reporter-output>
        </test-method> <!-- initializeDriver -->
        <test-method status="PASS" signature="namesEmployeeCountList_TC6()[pri:2, instance:branch.BranchIO.BranchIOTest@5f3a4b84]" name="namesEmployeeCountList_TC6" duration-ms="25613" started-at="2018-08-28T07:22:17Z" finished-at="2018-08-28T07:22:42Z">
          <reporter-output>
          </reporter-output>
        </test-method> <!-- namesEmployeeCountList_TC6 -->
        <test-method status="PASS" signature="tearDown()[pri:0, instance:branch.BranchIO.BranchIOTest@5f3a4b84]" name="tearDown" is-config="true" duration-ms="96" started-at="2018-08-28T07:22:42Z" finished-at="2018-08-28T07:22:43Z">
          <reporter-output>
          </reporter-output>
        </test-method> <!-- tearDown -->
      </class> <!-- branch.BranchIO.BranchIOTest -->
    </test> <!-- Default test -->
  </suite> <!-- Default suite -->
</testng-results>
